This file contains any messages produced by compilers while
running configure, to aid debugging if configure makes a mistake.

It was created by configure, which was
generated by GNU Autoconf 2.69.  Invocation command line was

  $ ./configure --disable-option-checking --prefix=/usr/local --with-libuseful=no --cache-file=/dev/null --srcdir=.

## --------- ##
## Platform. ##
## --------- ##

hostname = colum-HP-ProDesk-400-G1-SFF
uname -m = x86_64
uname -r = 5.15.0-125-generic
uname -s = Linux
uname -v = #135-Ubuntu SMP Fri Sep 27 13:53:58 UTC 2024

/usr/bin/uname -p = x86_64
/bin/uname -X     = unknown

/bin/arch              = x86_64
/usr/bin/arch -k       = unknown
/usr/convex/getsysinfo = unknown
/usr/bin/hostinfo      = unknown
/bin/machine           = unknown
/usr/bin/oslevel       = unknown
/bin/universe          = unknown

PATH: /home/colum/.local/bin
PATH: /home/colum/bin
PATH: /usr/prebin
PATH: ~/bin
PATH: /usr/local/sbin
PATH: /usr/local/bin
PATH: /usr/sbin
PATH: /usr/bin
PATH: /sbin
PATH: /bin
PATH: /usr/games
PATH: /usr/local/games
PATH: /snap/bin


## ----------- ##
## Core tests. ##
## ----------- ##

configure:2231: checking for gcc
configure:2247: found /usr/bin/gcc
configure:2258: result: gcc
configure:2487: checking for C compiler version
configure:2496: gcc --version >&5
gcc (Ubuntu 11.4.0-1ubuntu1~22.04) 11.4.0
Copyright (C) 2021 Free Software Foundation, Inc.
This is free software; see the source for copying conditions.  There is NO
warranty; not even for MERCHANTABILITY or FITNESS FOR A PARTICULAR PURPOSE.

configure:2507: $? = 0
configure:2496: gcc -v >&5
Using built-in specs.
COLLECT_GCC=gcc
COLLECT_LTO_WRAPPER=/usr/lib/gcc/x86_64-linux-gnu/11/lto-wrapper
OFFLOAD_TARGET_NAMES=nvptx-none:amdgcn-amdhsa
OFFLOAD_TARGET_DEFAULT=1
Target: x86_64-linux-gnu
Configured with: ../src/configure -v --with-pkgversion='Ubuntu 11.4.0-1ubuntu1~22.04' --with-bugurl=file:///usr/share/doc/gcc-11/README.Bugs --enable-languages=c,ada,c++,go,brig,d,fortran,objc,obj-c++,m2 --prefix=/usr --with-gcc-major-version-only --program-suffix=-11 --program-prefix=x86_64-linux-gnu- --enable-shared --enable-linker-build-id --libexecdir=/usr/lib --without-included-gettext --enable-threads=posix --libdir=/usr/lib --enable-nls --enable-bootstrap --enable-clocale=gnu --enable-libstdcxx-debug --enable-libstdcxx-time=yes --with-default-libstdcxx-abi=new --enable-gnu-unique-object --disable-vtable-verify --enable-plugin --enable-default-pie --with-system-zlib --enable-libphobos-checking=release --with-target-system-zlib=auto --enable-objc-gc=auto --enable-multiarch --disable-werror --enable-cet --with-arch-32=i686 --with-abi=m64 --with-multilib-list=m32,m64,mx32 --enable-multilib --with-tune=generic --enable-offload-targets=nvptx-none=/build/gcc-11-XeT9lY/gcc-11-11.4.0/debian/tmp-nvptx/usr,amdgcn-amdhsa=/build/gcc-11-XeT9lY/gcc-11-11.4.0/debian/tmp-gcn/usr --without-cuda-driver --enable-checking=release --build=x86_64-linux-gnu --host=x86_64-linux-gnu --target=x86_64-linux-gnu --with-build-config=bootstrap-lto-lean --enable-link-serialization=2
Thread model: posix
Supported LTO compression algorithms: zlib zstd
gcc version 11.4.0 (Ubuntu 11.4.0-1ubuntu1~22.04) 
... rest of stderr output deleted ...
configure:2507: $? = 0
configure:2496: gcc -V >&5
gcc: error: unrecognized command-line option '-V'
gcc: fatal error: no input files
compilation terminated.
configure:2507: $? = 1
configure:2496: gcc -qversion >&5
gcc: error: unrecognized command-line option '-qversion'; did you mean '--version'?
gcc: fatal error: no input files
compilation terminated.
configure:2507: $? = 1
configure:2527: checking whether the C compiler works
configure:2549: gcc    conftest.c  >&5
configure:2553: $? = 0
configure:2601: result: yes
configure:2604: checking for C compiler default output file name
configure:2606: result: a.out
configure:2612: checking for suffix of executables
configure:2619: gcc -o conftest    conftest.c  >&5
configure:2623: $? = 0
configure:2645: result: 
configure:2667: checking whether we are cross compiling
configure:2675: gcc -o conftest    conftest.c  >&5
configure:2679: $? = 0
configure:2686: ./conftest
configure:2690: $? = 0
configure:2705: result: no
configure:2710: checking for suffix of object files
configure:2732: gcc -c   conftest.c >&5
configure:2736: $? = 0
configure:2757: result: o
configure:2761: checking whether we are using the GNU C compiler
configure:2780: gcc -c   conftest.c >&5
configure:2780: $? = 0
configure:2789: result: yes
configure:2798: checking whether gcc accepts -g
configure:2818: gcc -c -g  conftest.c >&5
configure:2818: $? = 0
configure:2859: result: yes
configure:2876: checking for gcc option to accept ISO C89
configure:2939: gcc  -c -g -O2  conftest.c >&5
configure:2939: $? = 0
configure:2952: result: none needed
configure:2978: checking whether make sets $(MAKE)
configure:3000: result: yes
configure:3009: checking for grep that handles long lines and -e
configure:3067: result: /usr/bin/grep
configure:3072: checking for egrep
configure:3134: result: /usr/bin/grep -E
configure:3147: checking for special C compiler options needed for large files
configure:3192: result: no
configure:3198: checking for _FILE_OFFSET_BITS value needed for large files
configure:3223: gcc -c -g -O2  conftest.c >&5
configure:3223: $? = 0
configure:3255: result: no
configure:3446: checking for get_current_dir_name in -lc
configure:3471: gcc -o conftest -g -O2   conftest.c -lc   >&5
configure:3471: $? = 0
configure:3480: result: yes
configure:3502: checking for ptsname_r
configure:3502: gcc -o conftest -g -O2   conftest.c -lc  >&5
configure:3502: $? = 0
configure:3502: result: yes
configure:3502: checking for clearenv
configure:3502: gcc -o conftest -g -O2   conftest.c -lc  >&5
configure:3502: $? = 0
configure:3502: result: yes
configure:3502: checking for setresuid
configure:3502: gcc -o conftest -g -O2   conftest.c -lc  >&5
configure:3502: $? = 0
configure:3502: result: yes
configure:3502: checking for initgroups
configure:3502: gcc -o conftest -g -O2   conftest.c -lc  >&5
configure:3502: $? = 0
configure:3502: result: yes
configure:3502: checking for poll
configure:3502: gcc -o conftest -g -O2   conftest.c -lc  >&5
configure:3502: $? = 0
configure:3502: result: yes
configure:3502: checking for mlock
configure:3502: gcc -o conftest -g -O2   conftest.c -lc  >&5
configure:3502: $? = 0
configure:3502: result: yes
configure:3502: checking for mlockall
configure:3502: gcc -o conftest -g -O2   conftest.c -lc  >&5
configure:3502: $? = 0
configure:3502: result: yes
configure:3502: checking for munlockall
configure:3502: gcc -o conftest -g -O2   conftest.c -lc  >&5
configure:3502: $? = 0
configure:3502: result: yes
configure:3502: checking for madvise
configure:3502: gcc -o conftest -g -O2   conftest.c -lc  >&5
configure:3502: $? = 0
configure:3502: result: yes
configure:3502: checking for htonll
configure:3502: gcc -o conftest -g -O2   conftest.c -lc  >&5
/usr/bin/ld: /tmp/cc8Azzgf.o: in function `main':
/home/colum/devlist/libUseful-bundled/conftest.c:54: undefined reference to `htonll'
collect2: error: ld returned 1 exit status
configure:3502: $? = 1
configure: failed program was:
| /* confdefs.h */
| #define PACKAGE_NAME ""
| #define PACKAGE_TARNAME ""
| #define PACKAGE_VERSION ""
| #define PACKAGE_STRING ""
| #define PACKAGE_BUGREPORT ""
| #define PACKAGE_URL ""
| #define HAVE_LIBC 1
| #define HAVE_GET_CURR_DIR 1
| #define HAVE_PTSNAME_R 1
| #define HAVE_CLEARENV 1
| #define HAVE_SETRESUID 1
| #define HAVE_INITGROUPS 1
| #define HAVE_POLL 1
| #define HAVE_MLOCK 1
| #define HAVE_MLOCKALL 1
| #define HAVE_MUNLOCKALL 1
| #define HAVE_MADVISE 1
| /* end confdefs.h.  */
| /* Define htonll to an innocuous variant, in case <limits.h> declares htonll.
|    For example, HP-UX 11i <limits.h> declares gettimeofday.  */
| #define htonll innocuous_htonll
| 
| /* System header to define __stub macros and hopefully few prototypes,
|     which can conflict with char htonll (); below.
|     Prefer <limits.h> to <assert.h> if __STDC__ is defined, since
|     <limits.h> exists even on freestanding compilers.  */
| 
| #ifdef __STDC__
| # include <limits.h>
| #else
| # include <assert.h>
| #endif
| 
| #undef htonll
| 
| /* Override any GCC internal prototype to avoid an error.
|    Use char because int might match the return type of a GCC
|    builtin and then its argument prototype would still apply.  */
| #ifdef __cplusplus
| extern "C"
| #endif
| char htonll ();
| /* The GNU C library defines this for functions which it implements
|     to always fail with ENOSYS.  Some functions are actually named
|     something starting with __ and the normal name is an alias.  */
| #if defined __stub_htonll || defined __stub___htonll
| choke me
| #endif
| 
| int
| main ()
| {
| return htonll ();
|   ;
|   return 0;
| }
configure:3502: result: no
configure:3502: checking for ntohll
configure:3502: gcc -o conftest -g -O2   conftest.c -lc  >&5
/usr/bin/ld: /tmp/cc1oAvlZ.o: in function `main':
/home/colum/devlist/libUseful-bundled/conftest.c:54: undefined reference to `ntohll'
collect2: error: ld returned 1 exit status
configure:3502: $? = 1
configure: failed program was:
| /* confdefs.h */
| #define PACKAGE_NAME ""
| #define PACKAGE_TARNAME ""
| #define PACKAGE_VERSION ""
| #define PACKAGE_STRING ""
| #define PACKAGE_BUGREPORT ""
| #define PACKAGE_URL ""
| #define HAVE_LIBC 1
| #define HAVE_GET_CURR_DIR 1
| #define HAVE_PTSNAME_R 1
| #define HAVE_CLEARENV 1
| #define HAVE_SETRESUID 1
| #define HAVE_INITGROUPS 1
| #define HAVE_POLL 1
| #define HAVE_MLOCK 1
| #define HAVE_MLOCKALL 1
| #define HAVE_MUNLOCKALL 1
| #define HAVE_MADVISE 1
| /* end confdefs.h.  */
| /* Define ntohll to an innocuous variant, in case <limits.h> declares ntohll.
|    For example, HP-UX 11i <limits.h> declares gettimeofday.  */
| #define ntohll innocuous_ntohll
| 
| /* System header to define __stub macros and hopefully few prototypes,
|     which can conflict with char ntohll (); below.
|     Prefer <limits.h> to <assert.h> if __STDC__ is defined, since
|     <limits.h> exists even on freestanding compilers.  */
| 
| #ifdef __STDC__
| # include <limits.h>
| #else
| # include <assert.h>
| #endif
| 
| #undef ntohll
| 
| /* Override any GCC internal prototype to avoid an error.
|    Use char because int might match the return type of a GCC
|    builtin and then its argument prototype would still apply.  */
| #ifdef __cplusplus
| extern "C"
| #endif
| char ntohll ();
| /* The GNU C library defines this for functions which it implements
|     to always fail with ENOSYS.  Some functions are actually named
|     something starting with __ and the normal name is an alias.  */
| #if defined __stub_ntohll || defined __stub___ntohll
| choke me
| #endif
| 
| int
| main ()
| {
| return ntohll ();
|   ;
|   return 0;
| }
configure:3502: result: no
configure:3502: checking for mkostemp
configure:3502: gcc -o conftest -g -O2   conftest.c -lc  >&5
configure:3502: $? = 0
configure:3502: result: yes
configure:3502: checking for mount
configure:3502: gcc -o conftest -g -O2   conftest.c -lc  >&5
configure:3502: $? = 0
configure:3502: result: yes
configure:3502: checking for umount
configure:3502: gcc -o conftest -g -O2   conftest.c -lc  >&5
configure:3502: $? = 0
configure:3502: result: yes
configure:3502: checking for umount2
configure:3502: gcc -o conftest -g -O2   conftest.c -lc  >&5
configure:3502: $? = 0
configure:3502: result: yes
configure:3502: checking for getentropy
configure:3502: gcc -o conftest -g -O2   conftest.c -lc  >&5
configure:3502: $? = 0
configure:3502: result: yes
configure:3502: checking for prctl
configure:3502: gcc -o conftest -g -O2   conftest.c -lc  >&5
configure:3502: $? = 0
configure:3502: result: yes
configure:3527: checking how to run the C preprocessor
configure:3558: gcc -E  conftest.c
configure:3558: $? = 0
configure:3572: gcc -E  conftest.c
conftest.c:26:10: fatal error: ac_nonexistent.h: No such file or directory
   26 | #include <ac_nonexistent.h>
      |          ^~~~~~~~~~~~~~~~~~
compilation terminated.
configure:3572: $? = 1
configure: failed program was:
| /* confdefs.h */
| #define PACKAGE_NAME ""
| #define PACKAGE_TARNAME ""
| #define PACKAGE_VERSION ""
| #define PACKAGE_STRING ""
| #define PACKAGE_BUGREPORT ""
| #define PACKAGE_URL ""
| #define HAVE_LIBC 1
| #define HAVE_GET_CURR_DIR 1
| #define HAVE_PTSNAME_R 1
| #define HAVE_CLEARENV 1
| #define HAVE_SETRESUID 1
| #define HAVE_INITGROUPS 1
| #define HAVE_POLL 1
| #define HAVE_MLOCK 1
| #define HAVE_MLOCKALL 1
| #define HAVE_MUNLOCKALL 1
| #define HAVE_MADVISE 1
| #define HAVE_MKOSTEMP 1
| #define HAVE_MOUNT 1
| #define HAVE_UMOUNT 1
| #define HAVE_UMOUNT2 1
| #define HAVE_GETENTROPY 1
| #define HAVE_PRCTL 1
| /* end confdefs.h.  */
| #include <ac_nonexistent.h>
configure:3597: result: gcc -E
configure:3617: gcc -E  conftest.c
configure:3617: $? = 0
configure:3631: gcc -E  conftest.c
conftest.c:26:10: fatal error: ac_nonexistent.h: No such file or directory
   26 | #include <ac_nonexistent.h>
      |          ^~~~~~~~~~~~~~~~~~
compilation terminated.
configure:3631: $? = 1
configure: failed program was:
| /* confdefs.h */
| #define PACKAGE_NAME ""
| #define PACKAGE_TARNAME ""
| #define PACKAGE_VERSION ""
| #define PACKAGE_STRING ""
| #define PACKAGE_BUGREPORT ""
| #define PACKAGE_URL ""
| #define HAVE_LIBC 1
| #define HAVE_GET_CURR_DIR 1
| #define HAVE_PTSNAME_R 1
| #define HAVE_CLEARENV 1
| #define HAVE_SETRESUID 1
| #define HAVE_INITGROUPS 1
| #define HAVE_POLL 1
| #define HAVE_MLOCK 1
| #define HAVE_MLOCKALL 1
| #define HAVE_MUNLOCKALL 1
| #define HAVE_MADVISE 1
| #define HAVE_MKOSTEMP 1
| #define HAVE_MOUNT 1
| #define HAVE_UMOUNT 1
| #define HAVE_UMOUNT2 1
| #define HAVE_GETENTROPY 1
| #define HAVE_PRCTL 1
| /* end confdefs.h.  */
| #include <ac_nonexistent.h>
configure:3660: checking for ANSI C header files
configure:3680: gcc -c -g -O2  conftest.c >&5
configure:3680: $? = 0
configure:3753: gcc -o conftest -g -O2   conftest.c -lc  >&5
configure:3753: $? = 0
configure:3753: ./conftest
configure:3753: $? = 0
configure:3764: result: yes
configure:3777: checking for sys/types.h
configure:3777: gcc -c -g -O2  conftest.c >&5
configure:3777: $? = 0
configure:3777: result: yes
configure:3777: checking for sys/stat.h
configure:3777: gcc -c -g -O2  conftest.c >&5
configure:3777: $? = 0
configure:3777: result: yes
configure:3777: checking for stdlib.h
configure:3777: gcc -c -g -O2  conftest.c >&5
configure:3777: $? = 0
configure:3777: result: yes
configure:3777: checking for string.h
configure:3777: gcc -c -g -O2  conftest.c >&5
configure:3777: $? = 0
configure:3777: result: yes
configure:3777: checking for memory.h
configure:3777: gcc -c -g -O2  conftest.c >&5
configure:3777: $? = 0
configure:3777: result: yes
configure:3777: checking for strings.h
configure:3777: gcc -c -g -O2  conftest.c >&5
configure:3777: $? = 0
configure:3777: result: yes
configure:3777: checking for inttypes.h
configure:3777: gcc -c -g -O2  conftest.c >&5
configure:3777: $? = 0
configure:3777: result: yes
configure:3777: checking for stdint.h
configure:3777: gcc -c -g -O2  conftest.c >&5
configure:3777: $? = 0
configure:3777: result: yes
configure:3777: checking for unistd.h
configure:3777: gcc -c -g -O2  conftest.c >&5
configure:3777: $? = 0
configure:3777: result: yes
configure:3789: checking sys/sendfile.h usability
configure:3789: gcc -c -g -O2  conftest.c >&5
configure:3789: $? = 0
configure:3789: result: yes
configure:3789: checking sys/sendfile.h presence
configure:3789: gcc -E  conftest.c
configure:3789: $? = 0
configure:3789: result: yes
configure:3789: checking for sys/sendfile.h
configure:3789: result: yes
configure:3799: checking for sendfile
configure:3799: gcc -o conftest -g -O2   conftest.c -lc  >&5
configure:3799: $? = 0
configure:3799: result: yes
configure:3810: checking sys/random.h usability
configure:3810: gcc -c -g -O2  conftest.c >&5
configure:3810: $? = 0
configure:3810: result: yes
configure:3810: checking sys/random.h presence
configure:3810: gcc -E  conftest.c
configure:3810: $? = 0
configure:3810: result: yes
configure:3810: checking for sys/random.h
configure:3810: result: yes
configure:3849: checking for getxattr in -lc
configure:3874: gcc -o conftest -g -O2   conftest.c -lc  -lc  >&5
configure:3874: $? = 0
configure:3883: result: yes
configure:3937: checking for unshare in -lc
configure:3962: gcc -o conftest -g -O2   conftest.c -lc  -lc -lc  >&5
configure:3962: $? = 0
configure:3971: result: yes
configure:3989: checking for setns in -lc
configure:4014: gcc -o conftest -g -O2   conftest.c -lc  -lc -lc -lc  >&5
configure:4014: $? = 0
configure:4023: result: yes
configure:4055: checking openssl/crypto.h usability
configure:4055: gcc -c -g -O2  conftest.c >&5
configure:4055: $? = 0
configure:4055: result: yes
configure:4055: checking openssl/crypto.h presence
configure:4055: gcc -E  conftest.c
configure:4055: $? = 0
configure:4055: result: yes
configure:4055: checking for openssl/crypto.h
configure:4055: result: yes
configure:4061: checking openssl/ssl.h usability
configure:4061: gcc -c -g -O2  conftest.c >&5
configure:4061: $? = 0
configure:4061: result: yes
configure:4061: checking openssl/ssl.h presence
configure:4061: gcc -E  conftest.c
configure:4061: $? = 0
configure:4061: result: yes
configure:4061: checking for openssl/ssl.h
configure:4061: result: yes
configure:4076: checking for EVP_CIPHER_CTX_init in -lcrypto
configure:4101: gcc -o conftest -g -O2   conftest.c -lcrypto  -lc -lc -lc -lc  >&5
/usr/bin/ld: /tmp/ccTb6FXI.o: in function `main':
/home/colum/devlist/libUseful-bundled/conftest.c:56: undefined reference to `EVP_CIPHER_CTX_init'
collect2: error: ld returned 1 exit status
configure:4101: $? = 1
configure: failed program was:
| /* confdefs.h */
| #define PACKAGE_NAME ""
| #define PACKAGE_TARNAME ""
| #define PACKAGE_VERSION ""
| #define PACKAGE_STRING ""
| #define PACKAGE_BUGREPORT ""
| #define PACKAGE_URL ""
| #define HAVE_LIBC 1
| #define HAVE_GET_CURR_DIR 1
| #define HAVE_PTSNAME_R 1
| #define HAVE_CLEARENV 1
| #define HAVE_SETRESUID 1
| #define HAVE_INITGROUPS 1
| #define HAVE_POLL 1
| #define HAVE_MLOCK 1
| #define HAVE_MLOCKALL 1
| #define HAVE_MUNLOCKALL 1
| #define HAVE_MADVISE 1
| #define HAVE_MKOSTEMP 1
| #define HAVE_MOUNT 1
| #define HAVE_UMOUNT 1
| #define HAVE_UMOUNT2 1
| #define HAVE_GETENTROPY 1
| #define HAVE_PRCTL 1
| #define STDC_HEADERS 1
| #define HAVE_SYS_TYPES_H 1
| #define HAVE_SYS_STAT_H 1
| #define HAVE_STDLIB_H 1
| #define HAVE_STRING_H 1
| #define HAVE_MEMORY_H 1
| #define HAVE_STRINGS_H 1
| #define HAVE_INTTYPES_H 1
| #define HAVE_STDINT_H 1
| #define HAVE_UNISTD_H 1
| #define HAVE_SENDFILE 1
| #define HAVE_SYS_RANDOM 1
| #define USE_INET6 1
| #define HAVE_LIBC 1
| #define HAVE_XATTR 1
| #define HAVE_LIBC 1
| #define HAVE_UNSHARE 1
| #define HAVE_LIBC 1
| #define HAVE_SETNS 1
| /* end confdefs.h.  */
| 
| /* Override any GCC internal prototype to avoid an error.
|    Use char because int might match the return type of a GCC
|    builtin and then its argument prototype would still apply.  */
| #ifdef __cplusplus
| extern "C"
| #endif
| char EVP_CIPHER_CTX_init ();
| int
| main ()
| {
| return EVP_CIPHER_CTX_init ();
|   ;
|   return 0;
| }
configure:4110: result: no
configure:4125: checking for EVP_CIPHER_CTX_new in -lcrypto
configure:4150: gcc -o conftest -g -O2   conftest.c -lcrypto  -lc -lc -lc -lc  >&5
configure:4150: $? = 0
configure:4159: result: yes
configure:4174: checking for SSL_library_init in -lssl
configure:4199: gcc -o conftest -g -O2   conftest.c -lssl  -lcrypto -lc -lc -lc -lc  >&5
/usr/bin/ld: /tmp/cceNHLOi.o: in function `main':
/home/colum/devlist/libUseful-bundled/conftest.c:57: undefined reference to `SSL_library_init'
collect2: error: ld returned 1 exit status
configure:4199: $? = 1
configure: failed program was:
| /* confdefs.h */
| #define PACKAGE_NAME ""
| #define PACKAGE_TARNAME ""
| #define PACKAGE_VERSION ""
| #define PACKAGE_STRING ""
| #define PACKAGE_BUGREPORT ""
| #define PACKAGE_URL ""
| #define HAVE_LIBC 1
| #define HAVE_GET_CURR_DIR 1
| #define HAVE_PTSNAME_R 1
| #define HAVE_CLEARENV 1
| #define HAVE_SETRESUID 1
| #define HAVE_INITGROUPS 1
| #define HAVE_POLL 1
| #define HAVE_MLOCK 1
| #define HAVE_MLOCKALL 1
| #define HAVE_MUNLOCKALL 1
| #define HAVE_MADVISE 1
| #define HAVE_MKOSTEMP 1
| #define HAVE_MOUNT 1
| #define HAVE_UMOUNT 1
| #define HAVE_UMOUNT2 1
| #define HAVE_GETENTROPY 1
| #define HAVE_PRCTL 1
| #define STDC_HEADERS 1
| #define HAVE_SYS_TYPES_H 1
| #define HAVE_SYS_STAT_H 1
| #define HAVE_STDLIB_H 1
| #define HAVE_STRING_H 1
| #define HAVE_MEMORY_H 1
| #define HAVE_STRINGS_H 1
| #define HAVE_INTTYPES_H 1
| #define HAVE_STDINT_H 1
| #define HAVE_UNISTD_H 1
| #define HAVE_SENDFILE 1
| #define HAVE_SYS_RANDOM 1
| #define USE_INET6 1
| #define HAVE_LIBC 1
| #define HAVE_XATTR 1
| #define HAVE_LIBC 1
| #define HAVE_UNSHARE 1
| #define HAVE_LIBC 1
| #define HAVE_SETNS 1
| #define HAVE_LIBCRYPTO 1
| /* end confdefs.h.  */
| 
| /* Override any GCC internal prototype to avoid an error.
|    Use char because int might match the return type of a GCC
|    builtin and then its argument prototype would still apply.  */
| #ifdef __cplusplus
| extern "C"
| #endif
| char SSL_library_init ();
| int
| main ()
| {
| return SSL_library_init ();
|   ;
|   return 0;
| }
configure:4208: result: no
configure:4223: checking for OPENSSL_init_ssl in -lssl
configure:4248: gcc -o conftest -g -O2   conftest.c -lssl  -lcrypto -lc -lc -lc -lc  >&5
configure:4248: $? = 0
configure:4257: result: yes
configure:4280: checking for OpenSSL_add_all_algorithms
configure:4280: gcc -o conftest -g -O2   conftest.c -lssl -lcrypto -lc -lc -lc -lc  >&5
/usr/bin/ld: /tmp/ccp847jq.o: in function `main':
/home/colum/devlist/libUseful-bundled/conftest.c:81: undefined reference to `OpenSSL_add_all_algorithms'
collect2: error: ld returned 1 exit status
configure:4280: $? = 1
configure: failed program was:
| /* confdefs.h */
| #define PACKAGE_NAME ""
| #define PACKAGE_TARNAME ""
| #define PACKAGE_VERSION ""
| #define PACKAGE_STRING ""
| #define PACKAGE_BUGREPORT ""
| #define PACKAGE_URL ""
| #define HAVE_LIBC 1
| #define HAVE_GET_CURR_DIR 1
| #define HAVE_PTSNAME_R 1
| #define HAVE_CLEARENV 1
| #define HAVE_SETRESUID 1
| #define HAVE_INITGROUPS 1
| #define HAVE_POLL 1
| #define HAVE_MLOCK 1
| #define HAVE_MLOCKALL 1
| #define HAVE_MUNLOCKALL 1
| #define HAVE_MADVISE 1
| #define HAVE_MKOSTEMP 1
| #define HAVE_MOUNT 1
| #define HAVE_UMOUNT 1
| #define HAVE_UMOUNT2 1
| #define HAVE_GETENTROPY 1
| #define HAVE_PRCTL 1
| #define STDC_HEADERS 1
| #define HAVE_SYS_TYPES_H 1
| #define HAVE_SYS_STAT_H 1
| #define HAVE_STDLIB_H 1
| #define HAVE_STRING_H 1
| #define HAVE_MEMORY_H 1
| #define HAVE_STRINGS_H 1
| #define HAVE_INTTYPES_H 1
| #define HAVE_STDINT_H 1
| #define HAVE_UNISTD_H 1
| #define HAVE_SENDFILE 1
| #define HAVE_SYS_RANDOM 1
| #define USE_INET6 1
| #define HAVE_LIBC 1
| #define HAVE_XATTR 1
| #define HAVE_LIBC 1
| #define HAVE_UNSHARE 1
| #define HAVE_LIBC 1
| #define HAVE_SETNS 1
| #define HAVE_LIBCRYPTO 1
| #define HAVE_LIBSSL 1
| /* end confdefs.h.  */
| /* Define OpenSSL_add_all_algorithms to an innocuous variant, in case <limits.h> declares OpenSSL_add_all_algorithms.
|    For example, HP-UX 11i <limits.h> declares gettimeofday.  */
| #define OpenSSL_add_all_algorithms innocuous_OpenSSL_add_all_algorithms
| 
| /* System header to define __stub macros and hopefully few prototypes,
|     which can conflict with char OpenSSL_add_all_algorithms (); below.
|     Prefer <limits.h> to <assert.h> if __STDC__ is defined, since
|     <limits.h> exists even on freestanding compilers.  */
| 
| #ifdef __STDC__
| # include <limits.h>
| #else
| # include <assert.h>
| #endif
| 
| #undef OpenSSL_add_all_algorithms
| 
| /* Override any GCC internal prototype to avoid an error.
|    Use char because int might match the return type of a GCC
|    builtin and then its argument prototype would still apply.  */
| #ifdef __cplusplus
| extern "C"
| #endif
| char OpenSSL_add_all_algorithms ();
| /* The GNU C library defines this for functions which it implements
|     to always fail with ENOSYS.  Some functions are actually named
|     something starting with __ and the normal name is an alias.  */
| #if defined __stub_OpenSSL_add_all_algorithms || defined __stub___OpenSSL_add_all_algorithms
| choke me
| #endif
| 
| int
| main ()
| {
| return OpenSSL_add_all_algorithms ();
|   ;
|   return 0;
| }
configure:4280: result: no
configure:4280: checking for EVP_MD_CTX_create
configure:4280: gcc -o conftest -g -O2   conftest.c -lssl -lcrypto -lc -lc -lc -lc  >&5
/usr/bin/ld: /tmp/cc47aL5l.o: in function `main':
/home/colum/devlist/libUseful-bundled/conftest.c:81: undefined reference to `EVP_MD_CTX_create'
collect2: error: ld returned 1 exit status
configure:4280: $? = 1
configure: failed program was:
| /* confdefs.h */
| #define PACKAGE_NAME ""
| #define PACKAGE_TARNAME ""
| #define PACKAGE_VERSION ""
| #define PACKAGE_STRING ""
| #define PACKAGE_BUGREPORT ""
| #define PACKAGE_URL ""
| #define HAVE_LIBC 1
| #define HAVE_GET_CURR_DIR 1
| #define HAVE_PTSNAME_R 1
| #define HAVE_CLEARENV 1
| #define HAVE_SETRESUID 1
| #define HAVE_INITGROUPS 1
| #define HAVE_POLL 1
| #define HAVE_MLOCK 1
| #define HAVE_MLOCKALL 1
| #define HAVE_MUNLOCKALL 1
| #define HAVE_MADVISE 1
| #define HAVE_MKOSTEMP 1
| #define HAVE_MOUNT 1
| #define HAVE_UMOUNT 1
| #define HAVE_UMOUNT2 1
| #define HAVE_GETENTROPY 1
| #define HAVE_PRCTL 1
| #define STDC_HEADERS 1
| #define HAVE_SYS_TYPES_H 1
| #define HAVE_SYS_STAT_H 1
| #define HAVE_STDLIB_H 1
| #define HAVE_STRING_H 1
| #define HAVE_MEMORY_H 1
| #define HAVE_STRINGS_H 1
| #define HAVE_INTTYPES_H 1
| #define HAVE_STDINT_H 1
| #define HAVE_UNISTD_H 1
| #define HAVE_SENDFILE 1
| #define HAVE_SYS_RANDOM 1
| #define USE_INET6 1
| #define HAVE_LIBC 1
| #define HAVE_XATTR 1
| #define HAVE_LIBC 1
| #define HAVE_UNSHARE 1
| #define HAVE_LIBC 1
| #define HAVE_SETNS 1
| #define HAVE_LIBCRYPTO 1
| #define HAVE_LIBSSL 1
| /* end confdefs.h.  */
| /* Define EVP_MD_CTX_create to an innocuous variant, in case <limits.h> declares EVP_MD_CTX_create.
|    For example, HP-UX 11i <limits.h> declares gettimeofday.  */
| #define EVP_MD_CTX_create innocuous_EVP_MD_CTX_create
| 
| /* System header to define __stub macros and hopefully few prototypes,
|     which can conflict with char EVP_MD_CTX_create (); below.
|     Prefer <limits.h> to <assert.h> if __STDC__ is defined, since
|     <limits.h> exists even on freestanding compilers.  */
| 
| #ifdef __STDC__
| # include <limits.h>
| #else
| # include <assert.h>
| #endif
| 
| #undef EVP_MD_CTX_create
| 
| /* Override any GCC internal prototype to avoid an error.
|    Use char because int might match the return type of a GCC
|    builtin and then its argument prototype would still apply.  */
| #ifdef __cplusplus
| extern "C"
| #endif
| char EVP_MD_CTX_create ();
| /* The GNU C library defines this for functions which it implements
|     to always fail with ENOSYS.  Some functions are actually named
|     something starting with __ and the normal name is an alias.  */
| #if defined __stub_EVP_MD_CTX_create || defined __stub___EVP_MD_CTX_create
| choke me
| #endif
| 
| int
| main ()
| {
| return EVP_MD_CTX_create ();
|   ;
|   return 0;
| }
configure:4280: result: no
configure:4280: checking for EVP_MD_CTX_new
configure:4280: gcc -o conftest -g -O2   conftest.c -lssl -lcrypto -lc -lc -lc -lc  >&5
configure:4280: $? = 0
configure:4280: result: yes
configure:4280: checking for EVP_MD_CTX_destroy
configure:4280: gcc -o conftest -g -O2   conftest.c -lssl -lcrypto -lc -lc -lc -lc  >&5
/usr/bin/ld: /tmp/cczCQfap.o: in function `main':
/home/colum/devlist/libUseful-bundled/conftest.c:82: undefined reference to `EVP_MD_CTX_destroy'
collect2: error: ld returned 1 exit status
configure:4280: $? = 1
configure: failed program was:
| /* confdefs.h */
| #define PACKAGE_NAME ""
| #define PACKAGE_TARNAME ""
| #define PACKAGE_VERSION ""
| #define PACKAGE_STRING ""
| #define PACKAGE_BUGREPORT ""
| #define PACKAGE_URL ""
| #define HAVE_LIBC 1
| #define HAVE_GET_CURR_DIR 1
| #define HAVE_PTSNAME_R 1
| #define HAVE_CLEARENV 1
| #define HAVE_SETRESUID 1
| #define HAVE_INITGROUPS 1
| #define HAVE_POLL 1
| #define HAVE_MLOCK 1
| #define HAVE_MLOCKALL 1
| #define HAVE_MUNLOCKALL 1
| #define HAVE_MADVISE 1
| #define HAVE_MKOSTEMP 1
| #define HAVE_MOUNT 1
| #define HAVE_UMOUNT 1
| #define HAVE_UMOUNT2 1
| #define HAVE_GETENTROPY 1
| #define HAVE_PRCTL 1
| #define STDC_HEADERS 1
| #define HAVE_SYS_TYPES_H 1
| #define HAVE_SYS_STAT_H 1
| #define HAVE_STDLIB_H 1
| #define HAVE_STRING_H 1
| #define HAVE_MEMORY_H 1
| #define HAVE_STRINGS_H 1
| #define HAVE_INTTYPES_H 1
| #define HAVE_STDINT_H 1
| #define HAVE_UNISTD_H 1
| #define HAVE_SENDFILE 1
| #define HAVE_SYS_RANDOM 1
| #define USE_INET6 1
| #define HAVE_LIBC 1
| #define HAVE_XATTR 1
| #define HAVE_LIBC 1
| #define HAVE_UNSHARE 1
| #define HAVE_LIBC 1
| #define HAVE_SETNS 1
| #define HAVE_LIBCRYPTO 1
| #define HAVE_LIBSSL 1
| #define HAVE_EVP_MD_CTX_NEW 1
| /* end confdefs.h.  */
| /* Define EVP_MD_CTX_destroy to an innocuous variant, in case <limits.h> declares EVP_MD_CTX_destroy.
|    For example, HP-UX 11i <limits.h> declares gettimeofday.  */
| #define EVP_MD_CTX_destroy innocuous_EVP_MD_CTX_destroy
| 
| /* System header to define __stub macros and hopefully few prototypes,
|     which can conflict with char EVP_MD_CTX_destroy (); below.
|     Prefer <limits.h> to <assert.h> if __STDC__ is defined, since
|     <limits.h> exists even on freestanding compilers.  */
| 
| #ifdef __STDC__
| # include <limits.h>
| #else
| # include <assert.h>
| #endif
| 
| #undef EVP_MD_CTX_destroy
| 
| /* Override any GCC internal prototype to avoid an error.
|    Use char because int might match the return type of a GCC
|    builtin and then its argument prototype would still apply.  */
| #ifdef __cplusplus
| extern "C"
| #endif
| char EVP_MD_CTX_destroy ();
| /* The GNU C library defines this for functions which it implements
|     to always fail with ENOSYS.  Some functions are actually named
|     something starting with __ and the normal name is an alias.  */
| #if defined __stub_EVP_MD_CTX_destroy || defined __stub___EVP_MD_CTX_destroy
| choke me
| #endif
| 
| int
| main ()
| {
| return EVP_MD_CTX_destroy ();
|   ;
|   return 0;
| }
configure:4280: result: no
configure:4280: checking for EVP_MD_CTX_free
configure:4280: gcc -o conftest -g -O2   conftest.c -lssl -lcrypto -lc -lc -lc -lc  >&5
configure:4280: $? = 0
configure:4280: result: yes
configure:4280: checking for X509_check_host
configure:4280: gcc -o conftest -g -O2   conftest.c -lssl -lcrypto -lc -lc -lc -lc  >&5
configure:4280: $? = 0
configure:4280: result: yes
configure:4280: checking for SSL_set_tlsext_host_name
configure:4280: gcc -o conftest -g -O2   conftest.c -lssl -lcrypto -lc -lc -lc -lc  >&5
/usr/bin/ld: /tmp/cczaHmMF.o: in function `main':
/home/colum/devlist/libUseful-bundled/conftest.c:84: undefined reference to `SSL_set_tlsext_host_name'
collect2: error: ld returned 1 exit status
configure:4280: $? = 1
configure: failed program was:
| /* confdefs.h */
| #define PACKAGE_NAME ""
| #define PACKAGE_TARNAME ""
| #define PACKAGE_VERSION ""
| #define PACKAGE_STRING ""
| #define PACKAGE_BUGREPORT ""
| #define PACKAGE_URL ""
| #define HAVE_LIBC 1
| #define HAVE_GET_CURR_DIR 1
| #define HAVE_PTSNAME_R 1
| #define HAVE_CLEARENV 1
| #define HAVE_SETRESUID 1
| #define HAVE_INITGROUPS 1
| #define HAVE_POLL 1
| #define HAVE_MLOCK 1
| #define HAVE_MLOCKALL 1
| #define HAVE_MUNLOCKALL 1
| #define HAVE_MADVISE 1
| #define HAVE_MKOSTEMP 1
| #define HAVE_MOUNT 1
| #define HAVE_UMOUNT 1
| #define HAVE_UMOUNT2 1
| #define HAVE_GETENTROPY 1
| #define HAVE_PRCTL 1
| #define STDC_HEADERS 1
| #define HAVE_SYS_TYPES_H 1
| #define HAVE_SYS_STAT_H 1
| #define HAVE_STDLIB_H 1
| #define HAVE_STRING_H 1
| #define HAVE_MEMORY_H 1
| #define HAVE_STRINGS_H 1
| #define HAVE_INTTYPES_H 1
| #define HAVE_STDINT_H 1
| #define HAVE_UNISTD_H 1
| #define HAVE_SENDFILE 1
| #define HAVE_SYS_RANDOM 1
| #define USE_INET6 1
| #define HAVE_LIBC 1
| #define HAVE_XATTR 1
| #define HAVE_LIBC 1
| #define HAVE_UNSHARE 1
| #define HAVE_LIBC 1
| #define HAVE_SETNS 1
| #define HAVE_LIBCRYPTO 1
| #define HAVE_LIBSSL 1
| #define HAVE_EVP_MD_CTX_NEW 1
| #define HAVE_EVP_MD_CTX_FREE 1
| #define HAVE_X509_CHECK_HOST 1
| /* end confdefs.h.  */
| /* Define SSL_set_tlsext_host_name to an innocuous variant, in case <limits.h> declares SSL_set_tlsext_host_name.
|    For example, HP-UX 11i <limits.h> declares gettimeofday.  */
| #define SSL_set_tlsext_host_name innocuous_SSL_set_tlsext_host_name
| 
| /* System header to define __stub macros and hopefully few prototypes,
|     which can conflict with char SSL_set_tlsext_host_name (); below.
|     Prefer <limits.h> to <assert.h> if __STDC__ is defined, since
|     <limits.h> exists even on freestanding compilers.  */
| 
| #ifdef __STDC__
| # include <limits.h>
| #else
| # include <assert.h>
| #endif
| 
| #undef SSL_set_tlsext_host_name
| 
| /* Override any GCC internal prototype to avoid an error.
|    Use char because int might match the return type of a GCC
|    builtin and then its argument prototype would still apply.  */
| #ifdef __cplusplus
| extern "C"
| #endif
| char SSL_set_tlsext_host_name ();
| /* The GNU C library defines this for functions which it implements
|     to always fail with ENOSYS.  Some functions are actually named
|     something starting with __ and the normal name is an alias.  */
| #if defined __stub_SSL_set_tlsext_host_name || defined __stub___SSL_set_tlsext_host_name
| choke me
| #endif
| 
| int
| main ()
| {
| return SSL_set_tlsext_host_name ();
|   ;
|   return 0;
| }
configure:4280: result: no
configure:4280: checking for SSL_set_min_proto_version
configure:4280: gcc -o conftest -g -O2   conftest.c -lssl -lcrypto -lc -lc -lc -lc  >&5
/usr/bin/ld: /tmp/cc7d2fb2.o: in function `main':
/home/colum/devlist/libUseful-bundled/conftest.c:84: undefined reference to `SSL_set_min_proto_version'
collect2: error: ld returned 1 exit status
configure:4280: $? = 1
configure: failed program was:
| /* confdefs.h */
| #define PACKAGE_NAME ""
| #define PACKAGE_TARNAME ""
| #define PACKAGE_VERSION ""
| #define PACKAGE_STRING ""
| #define PACKAGE_BUGREPORT ""
| #define PACKAGE_URL ""
| #define HAVE_LIBC 1
| #define HAVE_GET_CURR_DIR 1
| #define HAVE_PTSNAME_R 1
| #define HAVE_CLEARENV 1
| #define HAVE_SETRESUID 1
| #define HAVE_INITGROUPS 1
| #define HAVE_POLL 1
| #define HAVE_MLOCK 1
| #define HAVE_MLOCKALL 1
| #define HAVE_MUNLOCKALL 1
| #define HAVE_MADVISE 1
| #define HAVE_MKOSTEMP 1
| #define HAVE_MOUNT 1
| #define HAVE_UMOUNT 1
| #define HAVE_UMOUNT2 1
| #define HAVE_GETENTROPY 1
| #define HAVE_PRCTL 1
| #define STDC_HEADERS 1
| #define HAVE_SYS_TYPES_H 1
| #define HAVE_SYS_STAT_H 1
| #define HAVE_STDLIB_H 1
| #define HAVE_STRING_H 1
| #define HAVE_MEMORY_H 1
| #define HAVE_STRINGS_H 1
| #define HAVE_INTTYPES_H 1
| #define HAVE_STDINT_H 1
| #define HAVE_UNISTD_H 1
| #define HAVE_SENDFILE 1
| #define HAVE_SYS_RANDOM 1
| #define USE_INET6 1
| #define HAVE_LIBC 1
| #define HAVE_XATTR 1
| #define HAVE_LIBC 1
| #define HAVE_UNSHARE 1
| #define HAVE_LIBC 1
| #define HAVE_SETNS 1
| #define HAVE_LIBCRYPTO 1
| #define HAVE_LIBSSL 1
| #define HAVE_EVP_MD_CTX_NEW 1
| #define HAVE_EVP_MD_CTX_FREE 1
| #define HAVE_X509_CHECK_HOST 1
| /* end confdefs.h.  */
| /* Define SSL_set_min_proto_version to an innocuous variant, in case <limits.h> declares SSL_set_min_proto_version.
|    For example, HP-UX 11i <limits.h> declares gettimeofday.  */
| #define SSL_set_min_proto_version innocuous_SSL_set_min_proto_version
| 
| /* System header to define __stub macros and hopefully few prototypes,
|     which can conflict with char SSL_set_min_proto_version (); below.
|     Prefer <limits.h> to <assert.h> if __STDC__ is defined, since
|     <limits.h> exists even on freestanding compilers.  */
| 
| #ifdef __STDC__
| # include <limits.h>
| #else
| # include <assert.h>
| #endif
| 
| #undef SSL_set_min_proto_version
| 
| /* Override any GCC internal prototype to avoid an error.
|    Use char because int might match the return type of a GCC
|    builtin and then its argument prototype would still apply.  */
| #ifdef __cplusplus
| extern "C"
| #endif
| char SSL_set_min_proto_version ();
| /* The GNU C library defines this for functions which it implements
|     to always fail with ENOSYS.  Some functions are actually named
|     something starting with __ and the normal name is an alias.  */
| #if defined __stub_SSL_set_min_proto_version || defined __stub___SSL_set_min_proto_version
| choke me
| #endif
| 
| int
| main ()
| {
| return SSL_set_min_proto_version ();
|   ;
|   return 0;
| }
configure:4280: result: no
configure:4280: checking for EVP_CIPHER_fetch
configure:4280: gcc -o conftest -g -O2   conftest.c -lssl -lcrypto -lc -lc -lc -lc  >&5
configure:4280: $? = 0
configure:4280: result: yes
configure:4291: checking whether OpenSSL_add_all_algorithms is declared
configure:4291: gcc -c -g -O2  conftest.c >&5
configure:4291: $? = 0
configure:4291: result: yes
configure:4307: checking whether SSL_set_tlsext_host_name is declared
configure:4307: gcc -c -g -O2  conftest.c >&5
configure:4307: $? = 0
configure:4307: result: yes
configure:4324: checking that OpenSSL Library is at least version 0.9.7
configure:4338: result: yes
configure:4369: checking for deflate in -lz
configure:4394: gcc -o conftest -g -O2   conftest.c -lz  -lssl -lcrypto -lc -lc -lc -lc  >&5
configure:4394: $? = 0
configure:4403: result: yes
configure:4749: creating ./config.status

## ---------------------- ##
## Running config.status. ##
## ---------------------- ##

This file was extended by config.status, which was
generated by GNU Autoconf 2.69.  Invocation command line was

  CONFIG_FILES    = 
  CONFIG_HEADERS  = 
  CONFIG_LINKS    = 
  CONFIG_COMMANDS = 
  $ ./config.status 

on colum-HP-ProDesk-400-G1-SFF

config.status:733: creating Makefile

## ---------------- ##
## Cache variables. ##
## ---------------- ##

ac_cv_c_compiler_gnu=yes
ac_cv_env_CC_set=
ac_cv_env_CC_value=
ac_cv_env_CFLAGS_set=
ac_cv_env_CFLAGS_value=
ac_cv_env_CPPFLAGS_set=
ac_cv_env_CPPFLAGS_value=
ac_cv_env_CPP_set=
ac_cv_env_CPP_value=
ac_cv_env_LDFLAGS_set=
ac_cv_env_LDFLAGS_value=
ac_cv_env_LIBS_set=
ac_cv_env_LIBS_value=
ac_cv_env_build_alias_set=
ac_cv_env_build_alias_value=
ac_cv_env_host_alias_set=
ac_cv_env_host_alias_value=
ac_cv_env_target_alias_set=
ac_cv_env_target_alias_value=
ac_cv_func_EVP_CIPHER_fetch=yes
ac_cv_func_EVP_MD_CTX_create=no
ac_cv_func_EVP_MD_CTX_destroy=no
ac_cv_func_EVP_MD_CTX_free=yes
ac_cv_func_EVP_MD_CTX_new=yes
ac_cv_func_OpenSSL_add_all_algorithms=no
ac_cv_func_SSL_set_min_proto_version=no
ac_cv_func_SSL_set_tlsext_host_name=no
ac_cv_func_X509_check_host=yes
ac_cv_func_clearenv=yes
ac_cv_func_getentropy=yes
ac_cv_func_htonll=no
ac_cv_func_initgroups=yes
ac_cv_func_madvise=yes
ac_cv_func_mkostemp=yes
ac_cv_func_mlock=yes
ac_cv_func_mlockall=yes
ac_cv_func_mount=yes
ac_cv_func_munlockall=yes
ac_cv_func_ntohll=no
ac_cv_func_poll=yes
ac_cv_func_prctl=yes
ac_cv_func_ptsname_r=yes
ac_cv_func_sendfile=yes
ac_cv_func_setresuid=yes
ac_cv_func_umount2=yes
ac_cv_func_umount=yes
ac_cv_have_decl_OpenSSL_add_all_algorithms=yes
ac_cv_have_decl_SSL_set_tlsext_host_name=yes
ac_cv_header_inttypes_h=yes
ac_cv_header_memory_h=yes
ac_cv_header_openssl_crypto_h=yes
ac_cv_header_openssl_ssl_h=yes
ac_cv_header_stdc=yes
ac_cv_header_stdint_h=yes
ac_cv_header_stdlib_h=yes
ac_cv_header_string_h=yes
ac_cv_header_strings_h=yes
ac_cv_header_sys_random_h=yes
ac_cv_header_sys_sendfile_h=yes
ac_cv_header_sys_stat_h=yes
ac_cv_header_sys_types_h=yes
ac_cv_header_unistd_h=yes
ac_cv_lib_c_get_current_dir_name=yes
ac_cv_lib_c_getxattr=yes
ac_cv_lib_c_setns=yes
ac_cv_lib_c_unshare=yes
ac_cv_lib_crypto_EVP_CIPHER_CTX_init=no
ac_cv_lib_crypto_EVP_CIPHER_CTX_new=yes
ac_cv_lib_ssl_OPENSSL_init_ssl=yes
ac_cv_lib_ssl_SSL_library_init=no
ac_cv_lib_z_deflate=yes
ac_cv_objext=o
ac_cv_path_EGREP='/usr/bin/grep -E'
ac_cv_path_GREP=/usr/bin/grep
ac_cv_prog_CPP='gcc -E'
ac_cv_prog_ac_ct_CC=gcc
ac_cv_prog_cc_c89=
ac_cv_prog_cc_g=yes
ac_cv_prog_make_make_set=yes
ac_cv_sys_file_offset_bits=no
ac_cv_sys_largefile_CC=no

## ----------------- ##
## Output variables. ##
## ----------------- ##

AR='ar'
CC='gcc'
CFLAGS='-g -O2'
CPP='gcc -E'
CPPFLAGS=''
DEFS='-DPACKAGE_NAME=\"\" -DPACKAGE_TARNAME=\"\" -DPACKAGE_VERSION=\"\" -DPACKAGE_STRING=\"\" -DPACKAGE_BUGREPORT=\"\" -DPACKAGE_URL=\"\" -DHAVE_LIBC=1 -DHAVE_GET_CURR_DIR=1 -DHAVE_PTSNAME_R=1 -DHAVE_CLEARENV=1 -DHAVE_SETRESUID=1 -DHAVE_INITGROUPS=1 -DHAVE_POLL=1 -DHAVE_MLOCK=1 -DHAVE_MLOCKALL=1 -DHAVE_MUNLOCKALL=1 -DHAVE_MADVISE=1 -DHAVE_MKOSTEMP=1 -DHAVE_MOUNT=1 -DHAVE_UMOUNT=1 -DHAVE_UMOUNT2=1 -DHAVE_GETENTROPY=1 -DHAVE_PRCTL=1 -DSTDC_HEADERS=1 -DHAVE_SYS_TYPES_H=1 -DHAVE_SYS_STAT_H=1 -DHAVE_STDLIB_H=1 -DHAVE_STRING_H=1 -DHAVE_MEMORY_H=1 -DHAVE_STRINGS_H=1 -DHAVE_INTTYPES_H=1 -DHAVE_STDINT_H=1 -DHAVE_UNISTD_H=1 -DHAVE_SENDFILE=1 -DHAVE_SYS_RANDOM=1 -DUSE_INET6=1 -DHAVE_LIBC=1 -DHAVE_XATTR=1 -DHAVE_LIBC=1 -DHAVE_UNSHARE=1 -DHAVE_LIBC=1 -DHAVE_SETNS=1 -DHAVE_LIBCRYPTO=1 -DHAVE_LIBSSL=1 -DHAVE_EVP_MD_CTX_NEW=1 -DHAVE_EVP_MD_CTX_FREE=1 -DHAVE_X509_CHECK_HOST=1 -DHAVE_EVP_CIPHER_FETCH=1 -DHAVE_DECL_OPENSSL_ADD_ALL_ALGORITHMS=1 -DHAVE_OPENSSL_ADD_ALL_ALGORITHMS=1 -DHAVE_DECL_SSL_SET_TLSEXT_HOST_NAME=1 -DHAVE_SSL_SET_TLSEXT_HOST_NAME=1 -DHAVE_LIBZ=1'
ECHO_C=''
ECHO_N='-n'
ECHO_T=''
EGREP='/usr/bin/grep -E'
EXEEXT=''
GREP='/usr/bin/grep'
LDFLAGS=''
LIBOBJS=''
LIBS='-lz -lssl -lcrypto -lc -lc -lc -lc '
LN='ln'
LTLIBOBJS=''
OBJEXT='o'
PACKAGE_BUGREPORT=''
PACKAGE_NAME=''
PACKAGE_STRING=''
PACKAGE_TARNAME=''
PACKAGE_URL=''
PACKAGE_VERSION=''
PATH_SEPARATOR=':'
SET_MAKE=''
SHELL='/bin/bash'
SIMD_CFLAGS=''
SONAME_FLAGS='-Wl,${LINKER_SONAME_OPTION},${SONAME}'
ac_ct_CC='gcc'
bindir='${exec_prefix}/bin'
build_alias=''
datadir='${datarootdir}'
datarootdir='${prefix}/share'
docdir='${datarootdir}/doc/${PACKAGE}'
dvidir='${docdir}'
exec_prefix='${prefix}'
host_alias=''
htmldir='${docdir}'
includedir='${prefix}/include'
infodir='${datarootdir}/info'
libdir='${exec_prefix}/lib'
libexecdir='${exec_prefix}/libexec'
localedir='${datarootdir}/locale'
localstatedir='${prefix}/var'
mandir='${datarootdir}/man'
oldincludedir='/usr/include'
pdfdir='${docdir}'
prefix='/usr/local'
program_transform_name='s,x,x,'
psdir='${docdir}'
sbindir='${exec_prefix}/sbin'
sharedstatedir='${prefix}/com'
sysconfdir='${prefix}/etc'
target_alias=''

## ----------- ##
## confdefs.h. ##
## ----------- ##

/* confdefs.h */
#define PACKAGE_NAME ""
#define PACKAGE_TARNAME ""
#define PACKAGE_VERSION ""
#define PACKAGE_STRING ""
#define PACKAGE_BUGREPORT ""
#define PACKAGE_URL ""
#define HAVE_LIBC 1
#define HAVE_GET_CURR_DIR 1
#define HAVE_PTSNAME_R 1
#define HAVE_CLEARENV 1
#define HAVE_SETRESUID 1
#define HAVE_INITGROUPS 1
#define HAVE_POLL 1
#define HAVE_MLOCK 1
#define HAVE_MLOCKALL 1
#define HAVE_MUNLOCKALL 1
#define HAVE_MADVISE 1
#define HAVE_MKOSTEMP 1
#define HAVE_MOUNT 1
#define HAVE_UMOUNT 1
#define HAVE_UMOUNT2 1
#define HAVE_GETENTROPY 1
#define HAVE_PRCTL 1
#define STDC_HEADERS 1
#define HAVE_SYS_TYPES_H 1
#define HAVE_SYS_STAT_H 1
#define HAVE_STDLIB_H 1
#define HAVE_STRING_H 1
#define HAVE_MEMORY_H 1
#define HAVE_STRINGS_H 1
#define HAVE_INTTYPES_H 1
#define HAVE_STDINT_H 1
#define HAVE_UNISTD_H 1
#define HAVE_SENDFILE 1
#define HAVE_SYS_RANDOM 1
#define USE_INET6 1
#define HAVE_LIBC 1
#define HAVE_XATTR 1
#define HAVE_LIBC 1
#define HAVE_UNSHARE 1
#define HAVE_LIBC 1
#define HAVE_SETNS 1
#define HAVE_LIBCRYPTO 1
#define HAVE_LIBSSL 1
#define HAVE_EVP_MD_CTX_NEW 1
#define HAVE_EVP_MD_CTX_FREE 1
#define HAVE_X509_CHECK_HOST 1
#define HAVE_EVP_CIPHER_FETCH 1
#define HAVE_DECL_OPENSSL_ADD_ALL_ALGORITHMS 1
#define HAVE_OPENSSL_ADD_ALL_ALGORITHMS 1
#define HAVE_DECL_SSL_SET_TLSEXT_HOST_NAME 1
#define HAVE_SSL_SET_TLSEXT_HOST_NAME 1
#define HAVE_LIBZ 1

configure: exit 0
